# JRE version: 7.0_11-b21
# Java VM: Java HotSpot(TM) 64-Bit Server VM (23.6-b04 mixed mode windows-amd64 compressed oops)
Heap
 PSYoungGen      total 76096K, used 41087K [0x00000000fa000000, 0x00000000fff80000, 0x0000000100000000)
  eden space 55168K, 52% used [0x00000000fa000000,0x00000000fbc85ac0,0x00000000fd5e0000)
  from space 20928K, 56% used [0x00000000fea30000,0x00000000ff5ca430,0x00000000ffea0000)
  to   space 20800K, 0% used [0x00000000fd5e0000,0x00000000fd5e0000,0x00000000fea30000)
 ParOldGen       total 125376K, used 50597K [0x00000000e8000000, 0x00000000efa70000, 0x00000000fa000000)
  object space 125376K, 40% used [0x00000000e8000000,0x00000000eb169608,0x00000000efa70000)
 PSPermGen       total 108160K, used 66796K [0x00000000e0000000, 0x00000000e69a0000, 0x00000000e8000000)
  object space 108160K, 61% used [0x00000000e0000000,0x00000000e413b398,0x00000000e69a0000)
GC Heap History (10 events):
Event: 850.494 GC heap before
{Heap before GC invocations=47 (full 3):
 PSYoungGen      total 76672K, used 76661K [0x00000000fa000000, 0x0000000100000000, 0x0000000100000000)
  eden space 62848K, 100% used [0x00000000fa000000,0x00000000fdd60000,0x00000000fdd60000)
  from space 13824K, 99% used [0x00000000fdd60000,0x00000000feadd410,0x00000000feae0000)
  to   space 19264K, 0% used [0x00000000fed30000,0x00000000fed30000,0x0000000100000000)
 ParOldGen       total 125376K, used 50597K [0x00000000e8000000, 0x00000000efa70000, 0x00000000fa000000)
  object space 125376K, 40% used [0x00000000e8000000,0x00000000eb169608,0x00000000efa70000)
 PSPermGen       total 108160K, used 66225K [0x00000000e0000000, 0x00000000e69a0000, 0x00000000e8000000)
  object space 108160K, 61% used [0x00000000e0000000,0x00000000e40ac548,0x00000000e69a0000)
Event: 850.563 GC heap after
Heap after GC invocations=47 (full 3):
 PSYoungGen      total 76224K, used 14293K [0x00000000fa000000, 0x0000000100000000, 0x0000000100000000)
  eden space 56960K, 0% used [0x00000000fa000000,0x00000000fa000000,0x00000000fd7a0000)
  from space 19264K, 74% used [0x00000000fed30000,0x00000000ffb25410,0x0000000100000000)
  to   space 20672K, 0% used [0x00000000fd7a0000,0x00000000fd7a0000,0x00000000febd0000)
 ParOldGen       total 125376K, used 50597K [0x00000000e8000000, 0x00000000efa70000, 0x00000000fa000000)
  object space 125376K, 40% used [0x00000000e8000000,0x00000000eb169608,0x00000000efa70000)
 PSPermGen       total 108160K, used 66225K [0x00000000e0000000, 0x00000000e69a0000, 0x00000000e8000000)
  object space 108160K, 61% used [0x00000000e0000000,0x00000000e40ac548,0x00000000e69a0000)
}
Event: 876.000 GC heap before
{Heap before GC invocations=48 (full 3):
 PSYoungGen      total 76224K, used 71253K [0x00000000fa000000, 0x0000000100000000, 0x0000000100000000)
  eden space 56960K, 100% used [0x00000000fa000000,0x00000000fd7a0000,0x00000000fd7a0000)
  from space 19264K, 74% used [0x00000000fed30000,0x00000000ffb25410,0x0000000100000000)
  to   space 20672K, 0% used [0x00000000fd7a0000,0x00000000fd7a0000,0x00000000febd0000)
 ParOldGen       total 125376K, used 50597K [0x00000000e8000000, 0x00000000efa70000, 0x00000000fa000000)
  object space 125376K, 40% used [0x00000000e8000000,0x00000000eb169608,0x00000000efa70000)
 PSPermGen       total 108160K, used 66256K [0x00000000e0000000, 0x00000000e69a0000, 0x00000000e8000000)
  object space 108160K, 61% used [0x00000000e0000000,0x00000000e40b4140,0x00000000e69a0000)
Event: 876.081 GC heap after
Heap after GC invocations=48 (full 3):
 PSYoungGen      total 70592K, used 13577K [0x00000000fa000000, 0x0000000100000000, 0x0000000100000000)
  eden space 56960K, 0% used [0x00000000fa000000,0x00000000fa000000,0x00000000fd7a0000)
  from space 13632K, 99% used [0x00000000fd7a0000,0x00000000fe4e2428,0x00000000fe4f0000)
  to   space 21440K, 0% used [0x00000000feb10000,0x00000000feb10000,0x0000000100000000)
 ParOldGen       total 125376K, used 50597K [0x00000000e8000000, 0x00000000efa70000, 0x00000000fa000000)
  object space 125376K, 40% used [0x00000000e8000000,0x00000000eb169608,0x00000000efa70000)
 PSPermGen       total 108160K, used 66256K [0x00000000e0000000, 0x00000000e69a0000, 0x00000000e8000000)
  object space 108160K, 61% used [0x00000000e0000000,0x00000000e40b4140,0x00000000e69a0000)
}
Event: 903.787 GC heap before
{Heap before GC invocations=49 (full 3):
 PSYoungGen      total 70592K, used 70537K [0x00000000fa000000, 0x0000000100000000, 0x0000000100000000)
  eden space 56960K, 100% used [0x00000000fa000000,0x00000000fd7a0000,0x00000000fd7a0000)
  from space 13632K, 99% used [0x00000000fd7a0000,0x00000000fe4e2428,0x00000000fe4f0000)
  to   space 21440K, 0% used [0x00000000feb10000,0x00000000feb10000,0x0000000100000000)
 ParOldGen       total 125376K, used 50597K [0x00000000e8000000, 0x00000000efa70000, 0x00000000fa000000)
  object space 125376K, 40% used [0x00000000e8000000,0x00000000eb169608,0x00000000efa70000)
 PSPermGen       total 108160K, used 66264K [0x00000000e0000000, 0x00000000e69a0000, 0x00000000e8000000)
  object space 108160K, 61% used [0x00000000e0000000,0x00000000e40b6260,0x00000000e69a0000)
Event: 903.888 GC heap after
Heap after GC invocations=49 (full 3):
 PSYoungGen      total 76096K, used 12972K [0x00000000fa000000, 0x0000000100000000, 0x0000000100000000)
  eden space 54656K, 0% used [0x00000000fa000000,0x00000000fa000000,0x00000000fd560000)
  from space 21440K, 60% used [0x00000000feb10000,0x00000000ff7bb3f0,0x0000000100000000)
  to   space 21824K, 0% used [0x00000000fd560000,0x00000000fd560000,0x00000000feab0000)
 ParOldGen       total 125376K, used 50597K [0x00000000e8000000, 0x00000000efa70000, 0x00000000fa000000)
  object space 125376K, 40% used [0x00000000e8000000,0x00000000eb169608,0x00000000efa70000)
 PSPermGen       total 108160K, used 66264K [0x00000000e0000000, 0x00000000e69a0000, 0x00000000e8000000)
  object space 108160K, 61% used [0x00000000e0000000,0x00000000e40b6260,0x00000000e69a0000)
}
Event: 930.784 GC heap before
{Heap before GC invocations=50 (full 3):
 PSYoungGen      total 76096K, used 67628K [0x00000000fa000000, 0x0000000100000000, 0x0000000100000000)
  eden space 54656K, 100% used [0x00000000fa000000,0x00000000fd560000,0x00000000fd560000)
  from space 21440K, 60% used [0x00000000feb10000,0x00000000ff7bb3f0,0x0000000100000000)
  to   space 21824K, 0% used [0x00000000fd560000,0x00000000fd560000,0x00000000feab0000)
 ParOldGen       total 125376K, used 50597K [0x00000000e8000000, 0x00000000efa70000, 0x00000000fa000000)
  object space 125376K, 40% used [0x00000000e8000000,0x00000000eb169608,0x00000000efa70000)
 PSPermGen       total 108160K, used 66323K [0x00000000e0000000, 0x00000000e69a0000, 0x00000000e8000000)
  object space 108160K, 61% used [0x00000000e0000000,0x00000000e40c4fc0,0x00000000e69a0000)
Event: 930.825 GC heap after
Heap after GC invocations=50 (full 3):
 PSYoungGen      total 64832K, used 10151K [0x00000000fa000000, 0x00000000ffea0000, 0x0000000100000000)
  eden space 54656K, 0% used [0x00000000fa000000,0x00000000fa000000,0x00000000fd560000)
  from space 10176K, 99% used [0x00000000fd560000,0x00000000fdf49c08,0x00000000fdf50000)
  to   space 20928K, 0% used [0x00000000fea30000,0x00000000fea30000,0x00000000ffea0000)
 ParOldGen       total 125376K, used 50597K [0x00000000e8000000, 0x00000000efa70000, 0x00000000fa000000)
  object space 125376K, 40% used [0x00000000e8000000,0x00000000eb169608,0x00000000efa70000)
 PSPermGen       total 108160K, used 66323K [0x00000000e0000000, 0x00000000e69a0000, 0x00000000e8000000)
  object space 108160K, 61% used [0x00000000e0000000,0x00000000e40c4fc0,0x00000000e69a0000)
}
Event: 937.023 GC heap before
{Heap before GC invocations=51 (full 3):
 PSYoungGen      total 64832K, used 64807K [0x00000000fa000000, 0x00000000ffea0000, 0x0000000100000000)
  eden space 54656K, 100% used [0x00000000fa000000,0x00000000fd560000,0x00000000fd560000)
  from space 10176K, 99% used [0x00000000fd560000,0x00000000fdf49c08,0x00000000fdf50000)
  to   space 20928K, 0% used [0x00000000fea30000,0x00000000fea30000,0x00000000ffea0000)
 ParOldGen       total 125376K, used 50597K [0x00000000e8000000, 0x00000000efa70000, 0x00000000fa000000)
  object space 125376K, 40% used [0x00000000e8000000,0x00000000eb169608,0x00000000efa70000)
 PSPermGen       total 108160K, used 66775K [0x00000000e0000000, 0x00000000e69a0000, 0x00000000e8000000)
  object space 108160K, 61% used [0x00000000e0000000,0x00000000e4135fc0,0x00000000e69a0000)
Event: 937.075 GC heap after
Heap after GC invocations=51 (full 3):
 PSYoungGen      total 76096K, used 11881K [0x00000000fa000000, 0x00000000fff80000, 0x0000000100000000)
  eden space 55168K, 0% used [0x00000000fa000000,0x00000000fa000000,0x00000000fd5e0000)
  from space 20928K, 56% used [0x00000000fea30000,0x00000000ff5ca430,0x00000000ffea0000)
  to   space 20800K, 0% used [0x00000000fd5e0000,0x00000000fd5e0000,0x00000000fea30000)
 ParOldGen       total 125376K, used 50597K [0x00000000e8000000, 0x00000000efa70000, 0x00000000fa000000)
  object space 125376K, 40% used [0x00000000e8000000,0x00000000eb169608,0x00000000efa70000)
 PSPermGen       total 108160K, used 66775K [0x00000000e0000000, 0x00000000e69a0000, 0x00000000e8000000)
  object space 108160K, 61% used [0x00000000e0000000,0x00000000e4135fc0,0x00000000e69a0000)
}

